<?xml version="1.0" encoding="UTF-8"?>
<!-- Generated by org.testng.reporters.JUnitXMLReporter -->
<testsuite ignored="0" hostname="Nikku" failures="0" tests="6" name="AccountsPageTest" time="19.94" errors="0" timestamp="2025-02-22T20:10:54 IST">
  <testcase classname="com.qa.opencart.tests.AccountsPageTest" name="accPageHeadersCountTest" time="0.042"/>
  <testcase classname="com.qa.opencart.tests.AccountsPageTest" name="accPageHeadersTest" time="0.084"/>
  <testcase classname="com.qa.opencart.tests.AccountsPageTest" name="accPageTitleTest" time="0.012"/>
  <testcase classname="com.qa.opencart.tests.AccountsPageTest" name="isLogoutLinkExistTest" time="0.654"/>
  <testcase classname="com.qa.opencart.tests.AccountsPageTest" name="productdetailtitle" time="6.057"/>
  <testcase classname="com.qa.opencart.tests.AccountsPageTest" name="searchCountTest" time="2.735"/>
</testsuite> <!-- AccountsPageTest -->
