<?xml version="1.0" encoding="UTF-8"?>
<!-- Generated by org.testng.reporters.JUnitXMLReporter -->
<testsuite ignored="0" hostname="Nikku" failures="0" tests="5" name="LoginPageTest" time="10.726" errors="0" timestamp="2025-02-22T20:10:34 IST">
  <testcase classname="com.qa.opencart.tests.LoginPageTest" name="forgotPwdLinkExistTest" time="0.763"/>
  <testcase classname="com.qa.opencart.tests.LoginPageTest" name="loginPageTitleTest" time="0.017"/>
  <testcase classname="com.qa.opencart.tests.LoginPageTest" name="loginPageURLTest" time="0.017"/>
  <testcase classname="com.qa.opencart.tests.LoginPageTest" name="loginTest" time="4.42"/>
  <testcase classname="com.qa.opencart.tests.LoginPageTest" name="logoExistTest" time="0.666"/>
</testsuite> <!-- LoginPageTest -->
