<?xml version="1.0" encoding="UTF-8"?>
<!-- Generated by org.testng.reporters.JUnitXMLReporter -->
<testsuite ignored="0" hostname="Nikku" failures="0" tests="5" name="LoginPageTest" time="11.827" errors="0" timestamp="2025-02-22T19:23:11 IST">
  <testcase classname="com.qa.opencart.tests.LoginPageTest" name="forgotPwdLinkExistTest" time="0.851"/>
  <testcase classname="com.qa.opencart.tests.LoginPageTest" name="loginPageTitleTest" time="0.036"/>
  <testcase classname="com.qa.opencart.tests.LoginPageTest" name="loginPageURLTest" time="0.02"/>
  <testcase classname="com.qa.opencart.tests.LoginPageTest" name="loginTest" time="3.055"/>
  <testcase classname="com.qa.opencart.tests.LoginPageTest" name="logoExistTest" time="0.68"/>
</testsuite> <!-- LoginPageTest -->
