<?xml version="1.0" encoding="UTF-8"?>
<!-- Generated by org.testng.reporters.JUnitXMLReporter -->
<testsuite ignored="2" hostname="Nikku" failures="5" tests="8" name="Opencart Functional Tests" time="11.58" errors="0" timestamp="2025-02-22T12:28:58 IST">
  <testcase classname="com.qa.opencart.tests.AccountsPageTest" name="accPageHeadersCountTest" time="0.21"/>
  <testcase classname="com.qa.opencart.tests.AccountsPageTest" name="accPageTitleTest" time="0.167"/>
  <testcase classname="com.qa.opencart.tests.LoginPageTest" name="forgotPwdLinkExistTest" time="0.005">
    <failure type="java.lang.NullPointerException" message="Cannot invoke &amp;quot;com.qa.openart.pages.LoginPage.isForgotPwdLinkExist()&amp;quot; because &amp;quot;this.loginPage&amp;quot; is null">
      <![CDATA[java.lang.NullPointerException: Cannot invoke "com.qa.openart.pages.LoginPage.isForgotPwdLinkExist()" because "this.loginPage" is null
at com.qa.opencart.tests.LoginPageTest.forgotPwdLinkExistTest(LoginPageTest.java:23)
at java.base/java.util.concurrent.ThreadPoolExecutor.runWorker(ThreadPoolExecutor.java:1136)
at java.base/java.util.concurrent.ThreadPoolExecutor$Worker.run(ThreadPoolExecutor.java:635)
at java.base/java.lang.Thread.run(Thread.java:833)
... Removed 12 stack frames]]>
    </failure>
  </testcase> <!-- forgotPwdLinkExistTest -->
  <testcase classname="com.qa.opencart.tests.LoginPageTest" name="loginPageTitleTest" time="0.002">
    <failure type="java.lang.NullPointerException" message="Cannot invoke &amp;quot;com.qa.openart.pages.LoginPage.getLoginPageTitle()&amp;quot; because &amp;quot;this.loginPage&amp;quot; is null">
      <![CDATA[java.lang.NullPointerException: Cannot invoke "com.qa.openart.pages.LoginPage.getLoginPageTitle()" because "this.loginPage" is null
at com.qa.opencart.tests.LoginPageTest.loginPageTitleTest(LoginPageTest.java:12)
at java.base/java.util.concurrent.ThreadPoolExecutor.runWorker(ThreadPoolExecutor.java:1136)
at java.base/java.util.concurrent.ThreadPoolExecutor$Worker.run(ThreadPoolExecutor.java:635)
at java.base/java.lang.Thread.run(Thread.java:833)
... Removed 12 stack frames]]>
    </failure>
  </testcase> <!-- loginPageTitleTest -->
  <testcase classname="com.qa.opencart.tests.LoginPageTest" name="loginPageURLTest" time="0.006">
    <failure type="java.lang.NullPointerException" message="Cannot invoke &amp;quot;com.qa.openart.pages.LoginPage.getLoginPageURL()&amp;quot; because &amp;quot;this.loginPage&amp;quot; is null">
      <![CDATA[java.lang.NullPointerException: Cannot invoke "com.qa.openart.pages.LoginPage.getLoginPageURL()" because "this.loginPage" is null
at com.qa.opencart.tests.LoginPageTest.loginPageURLTest(LoginPageTest.java:18)
at java.base/java.util.concurrent.ThreadPoolExecutor.runWorker(ThreadPoolExecutor.java:1136)
at java.base/java.util.concurrent.ThreadPoolExecutor$Worker.run(ThreadPoolExecutor.java:635)
at java.base/java.lang.Thread.run(Thread.java:833)
... Removed 12 stack frames]]>
    </failure>
  </testcase> <!-- loginPageURLTest -->
  <testcase classname="com.qa.opencart.tests.LoginPageTest" name="loginTest" time="0.004">
    <failure type="java.lang.NullPointerException" message="Cannot invoke &amp;quot;java.util.Properties.getProperty(String)&amp;quot; because &amp;quot;this.prop&amp;quot; is null">
      <![CDATA[java.lang.NullPointerException: Cannot invoke "java.util.Properties.getProperty(String)" because "this.prop" is null
at com.qa.opencart.tests.LoginPageTest.loginTest(LoginPageTest.java:33)
at java.base/java.util.concurrent.ThreadPoolExecutor.runWorker(ThreadPoolExecutor.java:1136)
at java.base/java.util.concurrent.ThreadPoolExecutor$Worker.run(ThreadPoolExecutor.java:635)
at java.base/java.lang.Thread.run(Thread.java:833)
... Removed 12 stack frames]]>
    </failure>
  </testcase> <!-- loginTest -->
  <testcase classname="com.qa.opencart.tests.LoginPageTest" name="logoExistTest" time="0.012">
    <failure type="java.lang.NullPointerException" message="Cannot invoke &amp;quot;com.qa.openart.pages.LoginPage.isLogoExist()&amp;quot; because &amp;quot;this.loginPage&amp;quot; is null">
      <![CDATA[java.lang.NullPointerException: Cannot invoke "com.qa.openart.pages.LoginPage.isLogoExist()" because "this.loginPage" is null
at com.qa.opencart.tests.LoginPageTest.logoExistTest(LoginPageTest.java:28)
at java.base/java.util.concurrent.ThreadPoolExecutor.runWorker(ThreadPoolExecutor.java:1136)
at java.base/java.util.concurrent.ThreadPoolExecutor$Worker.run(ThreadPoolExecutor.java:635)
at java.base/java.lang.Thread.run(Thread.java:833)
... Removed 12 stack frames]]>
    </failure>
  </testcase> <!-- logoExistTest -->
  <testcase classname="com.qa.opencart.tests.AccountsPageTest" name="isLogoutLinkExistTest" time="0.756"/>
  <testcase classname="com.qa.opencart.basetest.BaseTest" name="@AfterTest teardown" time="0.0">
    <ignored/>
  </testcase> <!-- @AfterTest teardown -->
  <testcase classname="com.qa.opencart.basetest.BaseTest" name="@BeforeTest setup" time="0.0">
    <ignored/>
  </testcase> <!-- @BeforeTest setup -->
</testsuite> <!-- Opencart Functional Tests -->
