<?xml version="1.0" encoding="UTF-8"?>
<testsuite xmlns:xsi="http://www.w3.org/2001/XMLSchema-instance" xsi:noNamespaceSchemaLocation="https://maven.apache.org/surefire/maven-surefire-plugin/xsd/surefire-test-report-3.0.xsd" version="3.0" name="TestSuite" time="55.496" tests="13" errors="0" skipped="0" failures="0">
  <properties>
[...]
</properties>
  <testcase name="forgotPwdLinkExistTest" classname="com.qa.opencart.tests.LoginPageTest" time="0.814">
    <system-err><![CDATA[SLF4J: Failed to load class "org.slf4j.impl.StaticLoggerBinder".
SLF4J: Defaulting to no-operation (NOP) logger implementation
SLF4J: See http://www.slf4j.org/codes.html#StaticLoggerBinder for further details.
Feb 22, 2025 8:10:25 PM org.openqa.selenium.devtools.CdpVersionFinder findNearestMatch
WARNING: Unable to find CDP implementation matching 133
Feb 22, 2025 8:10:25 PM org.openqa.selenium.chromium.ChromiumDriver lambda$new$5
WARNING: Unable to find version of CDP to use for 133.0.6943.127. You may need to include a dependency on a specific version of the CDP using something similar to `org.seleniumhq.selenium:selenium-devtools-v86:4.23.1` where the version ("v86") matches the version of the chromium-based browser you're using and the version number of the artifact is the same as Selenium's.
]]></system-err>
  </testcase>
  <testcase name="loginPageTitleTest" classname="com.qa.opencart.tests.LoginPageTest" time="0.018">
    <system-out><![CDATA[login page title: Account Login
]]></system-out>
  </testcase>
  <testcase name="loginPageURLTest" classname="com.qa.opencart.tests.LoginPageTest" time="0.019">
    <system-out><![CDATA[login page title: https://naveenautomationlabs.com/opencart/index.php?route=account/login
]]></system-out>
  </testcase>
  <testcase name="loginTest" classname="com.qa.opencart.tests.LoginPageTest" time="4.42">
    <system-out><![CDATA[creds are: may2024@open.com : Selenium@12345
login page title: My Account
]]></system-out>
  </testcase>
  <testcase name="logoExistTest" classname="com.qa.opencart.tests.LoginPageTest" time="0.668"/>
  <testcase name="accPageHeadersCountTest" classname="com.qa.opencart.tests.AccountsPageTest" time="0.043">
    <system-out><![CDATA[creds are: may2024@open.com : Selenium@12345
]]></system-out>
    <system-err><![CDATA[Feb 22, 2025 8:10:35 PM org.openqa.selenium.devtools.CdpVersionFinder findNearestMatch
WARNING: Unable to find CDP implementation matching 133
Feb 22, 2025 8:10:35 PM org.openqa.selenium.chromium.ChromiumDriver lambda$new$5
WARNING: Unable to find version of CDP to use for 133.0.6943.127. You may need to include a dependency on a specific version of the CDP using something similar to `org.seleniumhq.selenium:selenium-devtools-v86:4.23.1` where the version ("v86") matches the version of the chromium-based browser you're using and the version number of the artifact is the same as Selenium's.
]]></system-err>
  </testcase>
  <testcase name="accPageHeadersTest" classname="com.qa.opencart.tests.AccountsPageTest" time="0.086"/>
  <testcase name="accPageTitleTest" classname="com.qa.opencart.tests.AccountsPageTest" time="0.014">
    <system-out><![CDATA[login page title: My Account
]]></system-out>
  </testcase>
  <testcase name="isLogoutLinkExistTest" classname="com.qa.opencart.tests.AccountsPageTest" time="0.656"/>
  <testcase name="productdetailtitle" classname="com.qa.opencart.tests.AccountsPageTest" time="6.06"/>
  <testcase name="searchCountTest" classname="com.qa.opencart.tests.AccountsPageTest" time="2.736"/>
  <testcase name="verifyPageTitle" classname="com.qa.opencart.tests.RegisterPageTest" time="1.465">
    <system-err><![CDATA[Feb 22, 2025 8:10:55 PM org.openqa.selenium.devtools.CdpVersionFinder findNearestMatch
WARNING: Unable to find CDP implementation matching 133
Feb 22, 2025 8:10:55 PM org.openqa.selenium.chromium.ChromiumDriver lambda$new$5
WARNING: Unable to find version of CDP to use for 133.0.6943.127. You may need to include a dependency on a specific version of the CDP using something similar to `org.seleniumhq.selenium:selenium-devtools-v86:4.23.1` where the version ("v86") matches the version of the chromium-based browser you're using and the version number of the artifact is the same as Selenium's.
]]></system-err>
  </testcase>
  <testcase name="addtocartpagetitle" classname="com.qa.opencart.tests.AddtocartTest" time="7.857">
    <system-out><![CDATA[creds are: may2024@open.com : Selenium@12345
]]></system-out>
    <system-err><![CDATA[Feb 22, 2025 8:11:04 PM org.openqa.selenium.devtools.CdpVersionFinder findNearestMatch
WARNING: Unable to find CDP implementation matching 133
Feb 22, 2025 8:11:04 PM org.openqa.selenium.chromium.ChromiumDriver lambda$new$5
WARNING: Unable to find version of CDP to use for 133.0.6943.127. You may need to include a dependency on a specific version of the CDP using something similar to `org.seleniumhq.selenium:selenium-devtools-v86:4.23.1` where the version ("v86") matches the version of the chromium-based browser you're using and the version number of the artifact is the same as Selenium's.
]]></system-err>
  </testcase>
</testsuite>