<?xml version="1.0" encoding="UTF-8"?>
<testng-results ignored="0" total="13" passed="13" failed="0" skipped="0">
  <reporter-output>
  </reporter-output>
  <suite started-at="2025-02-22T20:10:23 IST" name="Opencart Test Suite" finished-at="2025-02-22T20:11:18 IST" duration-ms="54806">
    <groups>
    </groups>
    <test started-at="2025-02-22T20:10:23 IST" name="LoginPageTest" finished-at="2025-02-22T20:10:34 IST" duration-ms="10726">
      <class name="com.qa.opencart.tests.LoginPageTest">
        <test-method is-config="true" signature="setup()[pri:0, instance:com.qa.opencart.tests.LoginPageTest@6d07a63d]" started-at="2025-02-22T20:10:23 IST" name="setup" finished-at="2025-02-22T20:10:28 IST" duration-ms="4467" status="PASS">
          <reporter-output>
          </reporter-output>
        </test-method> <!-- setup -->
        <test-method signature="forgotPwdLinkExistTest()[pri:0, instance:com.qa.opencart.tests.LoginPageTest@6d07a63d]" started-at="2025-02-22T20:10:28 IST" name="forgotPwdLinkExistTest" finished-at="2025-02-22T20:10:29 IST" duration-ms="763" status="PASS">
          <reporter-output>
          </reporter-output>
        </test-method> <!-- forgotPwdLinkExistTest -->
        <test-method signature="loginPageTitleTest()[pri:0, instance:com.qa.opencart.tests.LoginPageTest@6d07a63d]" started-at="2025-02-22T20:10:29 IST" name="loginPageTitleTest" finished-at="2025-02-22T20:10:29 IST" duration-ms="17" status="PASS">
          <reporter-output>
          </reporter-output>
        </test-method> <!-- loginPageTitleTest -->
        <test-method signature="loginPageURLTest()[pri:0, instance:com.qa.opencart.tests.LoginPageTest@6d07a63d]" started-at="2025-02-22T20:10:29 IST" name="loginPageURLTest" finished-at="2025-02-22T20:10:29 IST" duration-ms="17" status="PASS">
          <reporter-output>
          </reporter-output>
        </test-method> <!-- loginPageURLTest -->
        <test-method signature="loginTest()[pri:0, instance:com.qa.opencart.tests.LoginPageTest@6d07a63d]" started-at="2025-02-22T20:10:29 IST" name="loginTest" finished-at="2025-02-22T20:10:33 IST" duration-ms="4420" status="PASS">
          <reporter-output>
          </reporter-output>
        </test-method> <!-- loginTest -->
        <test-method signature="logoExistTest()[pri:0, instance:com.qa.opencart.tests.LoginPageTest@6d07a63d]" started-at="2025-02-22T20:10:33 IST" name="logoExistTest" finished-at="2025-02-22T20:10:34 IST" duration-ms="666" status="PASS">
          <reporter-output>
          </reporter-output>
        </test-method> <!-- logoExistTest -->
        <test-method is-config="true" signature="teardown()[pri:0, instance:com.qa.opencart.tests.LoginPageTest@6d07a63d]" started-at="2025-02-22T20:10:34 IST" name="teardown" finished-at="2025-02-22T20:10:34 IST" duration-ms="259" status="PASS">
          <reporter-output>
          </reporter-output>
        </test-method> <!-- teardown -->
      </class> <!-- com.qa.opencart.tests.LoginPageTest -->
    </test> <!-- LoginPageTest -->
    <test started-at="2025-02-22T20:10:34 IST" name="AccountsPageTest" finished-at="2025-02-22T20:10:54 IST" duration-ms="19940">
      <class name="com.qa.opencart.tests.AccountsPageTest">
        <test-method is-config="true" signature="setup()[pri:0, instance:com.qa.opencart.tests.AccountsPageTest@3697186]" started-at="2025-02-22T20:10:34 IST" name="setup" finished-at="2025-02-22T20:10:41 IST" duration-ms="7030" status="PASS">
          <reporter-output>
          </reporter-output>
        </test-method> <!-- setup -->
        <test-method is-config="true" signature="accSetup()[pri:0, instance:com.qa.opencart.tests.AccountsPageTest@3697186]" started-at="2025-02-22T20:10:41 IST" name="accSetup" finished-at="2025-02-22T20:10:44 IST" duration-ms="3035" status="PASS">
          <reporter-output>
          </reporter-output>
        </test-method> <!-- accSetup -->
        <test-method signature="accPageHeadersCountTest()[pri:0, instance:com.qa.opencart.tests.AccountsPageTest@3697186]" started-at="2025-02-22T20:10:44 IST" name="accPageHeadersCountTest" finished-at="2025-02-22T20:10:44 IST" duration-ms="42" status="PASS">
          <reporter-output>
          </reporter-output>
        </test-method> <!-- accPageHeadersCountTest -->
        <test-method signature="accPageHeadersTest()[pri:0, instance:com.qa.opencart.tests.AccountsPageTest@3697186]" started-at="2025-02-22T20:10:44 IST" name="accPageHeadersTest" finished-at="2025-02-22T20:10:44 IST" duration-ms="84" status="PASS">
          <reporter-output>
          </reporter-output>
        </test-method> <!-- accPageHeadersTest -->
        <test-method signature="accPageTitleTest()[pri:0, instance:com.qa.opencart.tests.AccountsPageTest@3697186]" started-at="2025-02-22T20:10:44 IST" name="accPageTitleTest" finished-at="2025-02-22T20:10:44 IST" duration-ms="12" status="PASS">
          <reporter-output>
          </reporter-output>
        </test-method> <!-- accPageTitleTest -->
        <test-method signature="isLogoutLinkExistTest()[pri:0, instance:com.qa.opencart.tests.AccountsPageTest@3697186]" started-at="2025-02-22T20:10:44 IST" name="isLogoutLinkExistTest" finished-at="2025-02-22T20:10:45 IST" duration-ms="654" status="PASS">
          <reporter-output>
          </reporter-output>
        </test-method> <!-- isLogoutLinkExistTest -->
        <test-method signature="productdetailtitle()[pri:0, instance:com.qa.opencart.tests.AccountsPageTest@3697186]" started-at="2025-02-22T20:10:45 IST" name="productdetailtitle" finished-at="2025-02-22T20:10:51 IST" duration-ms="6057" status="PASS">
          <reporter-output>
          </reporter-output>
        </test-method> <!-- productdetailtitle -->
        <test-method signature="searchCountTest()[pri:0, instance:com.qa.opencart.tests.AccountsPageTest@3697186]" started-at="2025-02-22T20:10:51 IST" name="searchCountTest" finished-at="2025-02-22T20:10:54 IST" duration-ms="2735" status="PASS">
          <reporter-output>
          </reporter-output>
        </test-method> <!-- searchCountTest -->
        <test-method is-config="true" signature="teardown()[pri:0, instance:com.qa.opencart.tests.AccountsPageTest@3697186]" started-at="2025-02-22T20:10:54 IST" name="teardown" finished-at="2025-02-22T20:10:54 IST" duration-ms="275" status="PASS">
          <reporter-output>
          </reporter-output>
        </test-method> <!-- teardown -->
      </class> <!-- com.qa.opencart.tests.AccountsPageTest -->
    </test> <!-- AccountsPageTest -->
    <test started-at="2025-02-22T20:10:54 IST" name="RegisterPageTest" finished-at="2025-02-22T20:11:03 IST" duration-ms="8360">
      <class name="com.qa.opencart.tests.RegisterPageTest">
        <test-method is-config="true" signature="setup()[pri:0, instance:com.qa.opencart.tests.RegisterPageTest@46b61c56]" started-at="2025-02-22T20:10:54 IST" name="setup" finished-at="2025-02-22T20:11:01 IST" duration-ms="6687" status="PASS">
          <reporter-output>
          </reporter-output>
        </test-method> <!-- setup -->
        <test-method signature="verifyPageTitle()[pri:0, instance:com.qa.opencart.tests.RegisterPageTest@46b61c56]" started-at="2025-02-22T20:11:01 IST" name="verifyPageTitle" finished-at="2025-02-22T20:11:02 IST" duration-ms="1465" status="PASS">
          <reporter-output>
          </reporter-output>
        </test-method> <!-- verifyPageTitle -->
        <test-method is-config="true" signature="teardown()[pri:0, instance:com.qa.opencart.tests.RegisterPageTest@46b61c56]" started-at="2025-02-22T20:11:02 IST" name="teardown" finished-at="2025-02-22T20:11:03 IST" duration-ms="205" status="PASS">
          <reporter-output>
          </reporter-output>
        </test-method> <!-- teardown -->
      </class> <!-- com.qa.opencart.tests.RegisterPageTest -->
    </test> <!-- RegisterPageTest -->
    <test started-at="2025-02-22T20:11:03 IST" name="AddtocartTest" finished-at="2025-02-22T20:11:18 IST" duration-ms="15729">
      <class name="com.qa.opencart.tests.AddtocartTest">
        <test-method is-config="true" signature="setup()[pri:0, instance:com.qa.opencart.tests.AddtocartTest@7e5c856f]" started-at="2025-02-22T20:11:03 IST" name="setup" finished-at="2025-02-22T20:11:07 IST" duration-ms="4317" status="PASS">
          <reporter-output>
          </reporter-output>
        </test-method> <!-- setup -->
        <test-method is-config="true" signature="accSetup()[pri:0, instance:com.qa.opencart.tests.AddtocartTest@7e5c856f]" started-at="2025-02-22T20:11:07 IST" name="accSetup" finished-at="2025-02-22T20:11:10 IST" duration-ms="3289" status="PASS">
          <reporter-output>
          </reporter-output>
        </test-method> <!-- accSetup -->
        <test-method signature="addtocartpagetitle()[pri:0, instance:com.qa.opencart.tests.AddtocartTest@7e5c856f]" started-at="2025-02-22T20:11:10 IST" name="addtocartpagetitle" finished-at="2025-02-22T20:11:18 IST" duration-ms="7854" status="PASS">
          <reporter-output>
          </reporter-output>
        </test-method> <!-- addtocartpagetitle -->
        <test-method is-config="true" signature="teardown()[pri:0, instance:com.qa.opencart.tests.AddtocartTest@7e5c856f]" started-at="2025-02-22T20:11:18 IST" name="teardown" finished-at="2025-02-22T20:11:18 IST" duration-ms="263" status="PASS">
          <reporter-output>
          </reporter-output>
        </test-method> <!-- teardown -->
      </class> <!-- com.qa.opencart.tests.AddtocartTest -->
    </test> <!-- AddtocartTest -->
  </suite> <!-- Opencart Test Suite -->
</testng-results>
