<?xml version="1.0" encoding="UTF-8"?>
<testng-results ignored="0" total="1" passed="1" failed="0" skipped="0">
  <reporter-output>
  </reporter-output>
  <suite started-at="2025-02-22T19:54:15 IST" name="Default suite" finished-at="2025-02-22T19:54:48 IST" duration-ms="33136">
    <groups>
    </groups>
    <test started-at="2025-02-22T19:54:15 IST" name="Default test" finished-at="2025-02-22T19:54:48 IST" duration-ms="33136">
      <class name="com.qa.opencart.tests.RegisterPageTest">
        <test-method is-config="true" signature="setup()[pri:0, instance:com.qa.opencart.tests.RegisterPageTest@2f67b837]" started-at="2025-02-22T19:54:15 IST" name="setup" finished-at="2025-02-22T19:54:46 IST" duration-ms="31169" status="PASS">
          <reporter-output>
          </reporter-output>
        </test-method> <!-- setup -->
        <test-method signature="verifyPageTitle()[pri:0, instance:com.qa.opencart.tests.RegisterPageTest@2f67b837]" started-at="2025-02-22T19:54:46 IST" name="verifyPageTitle" finished-at="2025-02-22T19:54:48 IST" duration-ms="1606" status="PASS">
          <reporter-output>
          </reporter-output>
        </test-method> <!-- verifyPageTitle -->
        <test-method is-config="true" signature="teardown()[pri:0, instance:com.qa.opencart.tests.RegisterPageTest@2f67b837]" started-at="2025-02-22T19:54:48 IST" name="teardown" finished-at="2025-02-22T19:54:48 IST" duration-ms="246" status="PASS">
          <reporter-output>
          </reporter-output>
        </test-method> <!-- teardown -->
      </class> <!-- com.qa.opencart.tests.RegisterPageTest -->
    </test> <!-- Default test -->
  </suite> <!-- Default suite -->
</testng-results>
